{"C:\\Users\\PC\\Desktop\\unit-тестирование\\ajs_matchers\\src\\index.js": {"path":"C:\\Users\\PC\\Desktop\\unit-тестирование\\ajs_matchers\\src\\index.js","statementMap":{"0":{"start":{"line":2,"column":3},"end":{"line":2,"column":57}},"1":{"start":{"line":2,"column":37},"end":{"line":2,"column":56}}},"fnMap":{"0":{"name":"sortHeroesByHealth","decl":{"start":{"line":1,"column":24},"end":{"line":1,"column":42}},"loc":{"start":{"line":1,"column":51},"end":{"line":3,"column":1}},"line":1},"1":{"name":"(anonymous_1)","decl":{"start":{"line":2,"column":27},"end":{"line":2,"column":28}},"loc":{"start":{"line":2,"column":37},"end":{"line":2,"column":56}},"line":2}},"branchMap":{},"s":{"0":3,"1":4},"f":{"0":3,"1":4},"b":{},"_coverageSchema":"1a1c01bbd47fc00a2c39e90264f33305004495a9","hash":"4cb987cd77fd861432abcfa5af52a232890e2744"}
}
