{"C:\\Users\\PC\\Desktop\\unit-тестирование\\ajs_matchers\\src\\index.js": {"path":"C:\\Users\\PC\\Desktop\\unit-тестирование\\ajs_matchers\\src\\index.js","statementMap":{"0":{"start":{"line":2,"column":16},"end":{"line":2,"column":27}},"1":{"start":{"line":4,"column":3},"end":{"line":6,"column":5}},"2":{"start":{"line":5,"column":4},"end":{"line":5,"column":30}},"3":{"start":{"line":8,"column":3},"end":{"line":8,"column":14}}},"fnMap":{"0":{"name":"sortHeroesByHealth","decl":{"start":{"line":1,"column":24},"end":{"line":1,"column":42}},"loc":{"start":{"line":1,"column":51},"end":{"line":9,"column":1}},"line":1},"1":{"name":"(anonymous_1)","decl":{"start":{"line":4,"column":13},"end":{"line":4,"column":14}},"loc":{"start":{"line":4,"column":23},"end":{"line":6,"column":4}},"line":4}},"branchMap":{},"s":{"0":3,"1":3,"2":4,"3":3},"f":{"0":3,"1":4},"b":{},"_coverageSchema":"1a1c01bbd47fc00a2c39e90264f33305004495a9","hash":"fd780f2b53e00d946ca9457e2a19d18077e015c8"}
}
